Using pre-set license
Built from '2020.3/china_unity/release' branch; Version is '2020.3.10f1c1 (65978a05d4e9) revision 6657930'; Using compiler version '192528614'; Build Type 'Release'
OS: 'Windows 10 Pro; OS build 19044.1645; Version 2009; 64bit' Language: 'zh' Physical Memory: 16322 MB
BatchMode: 1, IsHumanControllingUs: 0, StartBugReporterOnCrash: 0, Is64bit: 1, IsPro: 0

 COMMAND LINE ARGUMENTS:
E:\unity\Editor\Unity.exe
-adb2
-batchMode
-noUpm
-name
AssetImportWorker0
-projectPath
E:/Celeste-Movement
-logFile
Logs/AssetImportWorker0.log
-srvPort
6709
Successfully changed project path to: E:/Celeste-Movement
E:/Celeste-Movement
Using Asset Import Pipeline V2.
Refreshing native plugins compatible for Editor in 24.45 ms, found 2 plugins.
Preloading 0 native plugins for Editor in 0.00 ms.
Initialize engine version: 2020.3.10f1c1 (65978a05d4e9)
[Subsystems] Discovering subsystems at path E:/unity/Editor/Data/Resources/UnitySubsystems
[Subsystems] Discovering subsystems at path E:/Celeste-Movement/Assets
GfxDevice: creating device client; threaded=0
Direct3D:
    Version:  Direct3D 11.0 [level 11.1]
    Renderer: NVIDIA GeForce RTX 3070 Ti (ID=0x2482)
    Vendor:   
    VRAM:     8041 MB
    Driver:   30.0.14.9649
Initialize mono
Mono path[0] = 'E:/unity/Editor/Data/Managed'
Mono path[1] = 'E:/unity/Editor/Data/MonoBleedingEdge/lib/mono/unityjit'
Mono config path = 'E:/unity/Editor/Data/MonoBleedingEdge/etc'
Using monoOptions --debugger-agent=transport=dt_socket,embedding=1,server=y,suspend=n,address=127.0.0.1:56604
Begin MonoManager ReloadAssembly
Registering precompiled unity dll's ...
Register platform support module: E:/unity/Editor/Data/PlaybackEngines/WindowsStandaloneSupport/UnityEditor.WindowsStandalone.Extensions.dll
Registered in 0.000855 seconds.
Native extension for WindowsStandalone target not found
Refreshing native plugins compatible for Editor in 22.28 ms, found 2 plugins.
Preloading 0 native plugins for Editor in 0.00 ms.
Mono: successfully reloaded assembly
- Completed reload, in  0.582 seconds
Platform modules already initialized, skipping
Registering precompiled user dll's ...
Registered in 0.002440 seconds.
Begin MonoManager ReloadAssembly
Native extension for WindowsStandalone target not found
Refreshing native plugins compatible for Editor in 0.28 ms, found 2 plugins.
Preloading 0 native plugins for Editor in 0.00 ms.
Mono: successfully reloaded assembly
- Completed reload, in  0.776 seconds
Platform modules already initialized, skipping
========================================================================
Worker process is ready to serve import requests
Launched and connected shader compiler UnityShaderCompiler.exe after 0.03 seconds
Refreshing native plugins compatible for Editor in 0.33 ms, found 2 plugins.
Preloading 0 native plugins for Editor in 0.00 ms.
Unloading 1402 Unused Serialized files (Serialized files now loaded: 0)
System memory in use before: 65.1 MB.
System memory in use after: 65.1 MB.

Unloading 20 unused Assets to reduce memory usage. Loaded Objects now: 1837.
Total: 1.552600 ms (FindLiveObjects: 0.203100 ms CreateObjectMapping: 0.064500 ms MarkObjects: 1.233300 ms  DeleteObjects: 0.050500 ms)

========================================================================
Received Import Request.
  path: Assets/Materials/Ghost.mat
  artifactKey: Guid(1f4b847946d173d46ac044661fe23092) Importer(815301076,1909f56bfc062723c751e8b465ee728b)
Start importing Assets/Materials/Ghost.mat using Guid(1f4b847946d173d46ac044661fe23092) Importer(815301076,1909f56bfc062723c751e8b465ee728b)  -> (artifact id: '8beb4614ff37e2355865e6cac8454ba5') in 0.099960 seconds
  Import took 0.101875 seconds .

========================================================================
Received Import Request.
  Time since last request: 0.000133 seconds.
  path: Assets/Materials/Particle.mat
  artifactKey: Guid(22e403e0600918e42ac044155dd76068) Importer(815301076,1909f56bfc062723c751e8b465ee728b)
Start importing Assets/Materials/Particle.mat using Guid(22e403e0600918e42ac044155dd76068) Importer(815301076,1909f56bfc062723c751e8b465ee728b)  -> (artifact id: '87f09b00f9930d2e77ebdf4c3bba8136') in 0.078597 seconds
  Import took 0.080586 seconds .

========================================================================
Received Import Request.
  Time since last request: 0.327203 seconds.
  path: Assets/Scripts/RippleEffect
  artifactKey: Guid(c8f09bdcf1e18db40b938122409f507c) Importer(815301076,1909f56bfc062723c751e8b465ee728b)
Start importing Assets/Scripts/RippleEffect using Guid(c8f09bdcf1e18db40b938122409f507c) Importer(815301076,1909f56bfc062723c751e8b465ee728b)  -> (artifact id: '1c421773d1bcdc91718e70ca28fd0ef4') in 0.003927 seconds
  Import took 0.005904 seconds .

========================================================================
Received Import Request.
  Time since last request: 0.006170 seconds.
  path: Assets/Scripts/RippleEffect
  artifactKey: Guid(c8f09bdcf1e18db40b938122409f507c) Importer(815301076,1909f56bfc062723c751e8b465ee728b)
Start importing Assets/Scripts/RippleEffect using Guid(c8f09bdcf1e18db40b938122409f507c) Importer(815301076,1909f56bfc062723c751e8b465ee728b)  -> (artifact id: '1c421773d1bcdc91718e70ca28fd0ef4') in 0.001263 seconds
  Import took 0.003351 seconds .

========================================================================
Received Import Request.
  Time since last request: 0.640990 seconds.
  path: Assets/Sprites/MixJam_Tileset.png
  artifactKey: Guid(0025273e33fd6e240b185fb45fe147b8) Importer(815301076,1909f56bfc062723c751e8b465ee728b)
Start importing Assets/Sprites/MixJam_Tileset.png using Guid(0025273e33fd6e240b185fb45fe147b8) Importer(815301076,1909f56bfc062723c751e8b465ee728b)  -> (artifact id: '93dd60133c4df468005d41f1791ebe3e') in 0.123295 seconds
  Import took 0.125759 seconds .

========================================================================
Received Import Request.
  Time since last request: 0.000147 seconds.
  path: Assets/Sprites/testTile.psd
  artifactKey: Guid(7c2314fa46a756a4aa41f0f8f7c255a0) Importer(815301076,1909f56bfc062723c751e8b465ee728b)
Start importing Assets/Sprites/testTile.psd using Guid(7c2314fa46a756a4aa41f0f8f7c255a0) Importer(815301076,1909f56bfc062723c751e8b465ee728b)  -> (artifact id: '1c400744f021ef30aa4fb0284335d7f2') in 0.010685 seconds
  Import took 0.012991 seconds .

========================================================================
Received Import Request.
  Time since last request: 0.000156 seconds.
  path: Assets/Sprites/roboMJ_Spritesheet.png
  artifactKey: Guid(9b4a8cd55e7c4f2499ae2e19bb517ecc) Importer(815301076,1909f56bfc062723c751e8b465ee728b)
Start importing Assets/Sprites/roboMJ_Spritesheet.png using Guid(9b4a8cd55e7c4f2499ae2e19bb517ecc) Importer(815301076,1909f56bfc062723c751e8b465ee728b)  -> (artifact id: 'a73e713449b310a1a23d378d04ceefc5') in 0.047942 seconds
  Import took 0.050275 seconds .

========================================================================
Received Import Request.
  Time since last request: 2.242989 seconds.
  path: Assets/Resources/DOTweenSettings.asset
  artifactKey: Guid(b11bf265f7401874fbd63510e2407bc8) Importer(815301076,1909f56bfc062723c751e8b465ee728b)
Start importing Assets/Resources/DOTweenSettings.asset using Guid(b11bf265f7401874fbd63510e2407bc8) Importer(815301076,1909f56bfc062723c751e8b465ee728b)  -> (artifact id: '107c6a3a45b3989fe0e9564004cee11f') in 0.006183 seconds
  Import took 0.008105 seconds .

========================================================================
Received Import Request.
  Time since last request: 6.359959 seconds.
  path: Assets/Scenes/SampleScene.unity
  artifactKey: Guid(2cda990e2423bbf4892e6590ba056729) Importer(815301076,1909f56bfc062723c751e8b465ee728b)
Start importing Assets/Scenes/SampleScene.unity using Guid(2cda990e2423bbf4892e6590ba056729) Importer(815301076,1909f56bfc062723c751e8b465ee728b)  -> (artifact id: '6aab35485dd3b0e6a12648d1c79c6e8c') in 0.004440 seconds
  Import took 0.006468 seconds .

========================================================================
Received Prepare
Registering precompiled user dll's ...
Registered in 0.002322 seconds.
Begin MonoManager ReloadAssembly
Native extension for WindowsStandalone target not found
Refreshing native plugins compatible for Editor in 0.33 ms, found 2 plugins.
Preloading 0 native plugins for Editor in 0.00 ms.
Mono: successfully reloaded assembly
- Completed reload, in  0.719 seconds
Platform modules already initialized, skipping
Refreshing native plugins compatible for Editor in 0.30 ms, found 2 plugins.
Preloading 0 native plugins for Editor in 0.00 ms.
Unloading 1395 Unused Serialized files (Serialized files now loaded: 0)
System memory in use before: 68.4 MB.
System memory in use after: 68.5 MB.

Unloading 15 unused Assets to reduce memory usage. Loaded Objects now: 1890.
Total: 1.405900 ms (FindLiveObjects: 0.144300 ms CreateObjectMapping: 0.041600 ms MarkObjects: 1.206000 ms  DeleteObjects: 0.013100 ms)

